<?xml version="1.0" encoding="UTF-8"?>
<testsuite name="Activate Version Tests" tests="3" skipped="0" failures="0" errors="0" timestamp="2025-11-20T14:16:07" hostname="MacBook-Pro.local" time="0.021">
  <properties/>
  <testcase name="Should activate version successfully" classname="com.starbucks.metadata.controller.MetadataControllerTest$ActivateVersionTests" time="0.008"/>
  <testcase name="Should return 404 when version not found" classname="com.starbucks.metadata.controller.MetadataControllerTest$ActivateVersionTests" time="0.003"/>
  <testcase name="Should return 409 when version already active" classname="com.starbucks.metadata.controller.MetadataControllerTest$ActivateVersionTests" time="0.006"/>
  <system-out><![CDATA[2025-11-20T09:16:07.000-05:00  INFO 39013 --- [metadata-versioning] [    Test worker] t.c.s.AnnotationConfigContextLoaderUtils : Could not detect default configuration classes for test class [com.starbucks.metadata.controller.MetadataControllerTest$ActivateVersionTests]: ActivateVersionTests does not declare any static, non-private, non-final, nested classes annotated with @Configuration.
2025-11-20T09:16:07.007-05:00  INFO 39013 --- [metadata-versioning] [    Test worker] .b.t.c.SpringBootTestContextBootstrapper : Found @SpringBootConfiguration com.starbucks.metadata.MetadataVersioningApplication for test class com.starbucks.metadata.controller.MetadataControllerTest$ActivateVersionTests
2025-11-20T09:16:07.013-05:00  INFO 39013 --- [metadata-versioning] [    Test worker] c.s.m.controller.MetadataController      : Activating version 2 for type: configuration and name: app-settings
2025-11-20T09:16:07.021-05:00  INFO 39013 --- [metadata-versioning] [    Test worker] c.s.m.controller.MetadataController      : Activating version 999 for type: configuration and name: app-settings
2025-11-20T09:16:07.021-05:00 ERROR 39013 --- [metadata-versioning] [    Test worker] c.s.m.exception.GlobalExceptionHandler   : Version not found: Version not found
2025-11-20T09:16:07.028-05:00  INFO 39013 --- [metadata-versioning] [    Test worker] c.s.m.controller.MetadataController      : Activating version 1 for type: configuration and name: app-settings
2025-11-20T09:16:07.029-05:00 ERROR 39013 --- [metadata-versioning] [    Test worker] c.s.m.exception.GlobalExceptionHandler   : Version already active: Version already active
]]></system-out>
  <system-err><![CDATA[]]></system-err>
</testsuite>
