<?xml version="1.0" encoding="UTF-8"?>
<testsuite name="com.starbucks.metadata.MetadataVersioningApplicationTests" tests="1" skipped="0" failures="0" errors="0" timestamp="2025-11-20T14:16:05" hostname="MacBook-Pro.local" time="0.347">
  <properties/>
  <testcase name="contextLoads()" classname="com.starbucks.metadata.MetadataVersioningApplicationTests" time="0.347"/>
  <system-out><![CDATA[09:16:01.700 [Test worker] INFO org.springframework.test.context.support.AnnotationConfigContextLoaderUtils -- Could not detect default configuration classes for test class [com.starbucks.metadata.MetadataVersioningApplicationTests]: MetadataVersioningApplicationTests does not declare any static, non-private, non-final, nested classes annotated with @Configuration.
09:16:01.761 [Test worker] INFO org.springframework.boot.test.context.SpringBootTestContextBootstrapper -- Found @SpringBootConfiguration com.starbucks.metadata.MetadataVersioningApplication for test class com.starbucks.metadata.MetadataVersioningApplicationTests

  .   ____          _            __ _ _
 /\\ / ___'_ __ _ _(_)_ __  __ _ \ \ \ \
( ( )\___ | '_ | '_| | '_ \/ _` | \ \ \ \
 \\/  ___)| |_)| | | | | || (_| |  ) ) ) )
  '  |____| .__|_| |_|_| |_\__, | / / / /
 =========|_|==============|___/=/_/_/_/

 :: Spring Boot ::                (v3.3.5)

2025-11-20T09:16:02.024-05:00  INFO 39013 --- [metadata-versioning] [    Test worker] c.s.m.MetadataVersioningApplicationTests : Starting MetadataVersioningApplicationTests using Java 21 with PID 39013 (started by juandavidcadavid in /Users/juandavidcadavid/dev/sbux/JsonVersionManager)
2025-11-20T09:16:02.025-05:00 DEBUG 39013 --- [metadata-versioning] [    Test worker] c.s.m.MetadataVersioningApplicationTests : Running with Spring Boot v3.3.5, Spring v6.1.14
2025-11-20T09:16:02.025-05:00  INFO 39013 --- [metadata-versioning] [    Test worker] c.s.m.MetadataVersioningApplicationTests : No active profile set, falling back to 1 default profile: "default"
2025-11-20T09:16:02.519-05:00  INFO 39013 --- [metadata-versioning] [    Test worker] .s.d.r.c.RepositoryConfigurationDelegate : Bootstrapping Spring Data JPA repositories in DEFAULT mode.
2025-11-20T09:16:02.549-05:00  INFO 39013 --- [metadata-versioning] [    Test worker] .s.d.r.c.RepositoryConfigurationDelegate : Finished Spring Data repository scanning in 26 ms. Found 1 JPA repository interface.
2025-11-20T09:16:02.881-05:00  INFO 39013 --- [metadata-versioning] [    Test worker] com.zaxxer.hikari.HikariDataSource       : HikariPool-1 - Starting...
2025-11-20T09:16:03.029-05:00  INFO 39013 --- [metadata-versioning] [    Test worker] com.zaxxer.hikari.pool.HikariPool        : HikariPool-1 - Added connection org.postgresql.jdbc.PgConnection@27bb4dc5
2025-11-20T09:16:03.029-05:00  INFO 39013 --- [metadata-versioning] [    Test worker] com.zaxxer.hikari.HikariDataSource       : HikariPool-1 - Start completed.
2025-11-20T09:16:03.052-05:00  INFO 39013 --- [metadata-versioning] [    Test worker] org.flywaydb.core.FlywayExecutor         : Database: jdbc:postgresql://localhost:5433/metadata_db (PostgreSQL 15.15)
2025-11-20T09:16:03.099-05:00  INFO 39013 --- [metadata-versioning] [    Test worker] o.f.core.internal.command.DbValidate     : Successfully validated 1 migration (execution time 00:00.024s)
2025-11-20T09:16:03.159-05:00  INFO 39013 --- [metadata-versioning] [    Test worker] o.f.core.internal.command.DbMigrate      : Current version of schema "public": 1
2025-11-20T09:16:03.162-05:00  INFO 39013 --- [metadata-versioning] [    Test worker] o.f.core.internal.command.DbMigrate      : Schema "public" is up to date. No migration necessary.
2025-11-20T09:16:03.221-05:00  INFO 39013 --- [metadata-versioning] [    Test worker] o.hibernate.jpa.internal.util.LogHelper  : HHH000204: Processing PersistenceUnitInfo [name: default]
2025-11-20T09:16:03.258-05:00  INFO 39013 --- [metadata-versioning] [    Test worker] org.hibernate.Version                    : HHH000412: Hibernate ORM core version 6.5.3.Final
2025-11-20T09:16:03.280-05:00  INFO 39013 --- [metadata-versioning] [    Test worker] o.h.c.internal.RegionFactoryInitiator    : HHH000026: Second-level cache disabled
2025-11-20T09:16:03.355-05:00  WARN 39013 --- [metadata-versioning] [    Test worker] org.hibernate.orm.deprecation            : HHH90000025: PostgreSQLDialect does not need to be specified explicitly using 'hibernate.dialect' (remove the property setting and it will be selected by default)
2025-11-20T09:16:03.477-05:00  INFO 39013 --- [metadata-versioning] [    Test worker] o.s.o.j.p.SpringPersistenceUnitInfo      : No LoadTimeWeaver setup: ignoring JPA class transformer
2025-11-20T09:16:03.975-05:00  INFO 39013 --- [metadata-versioning] [    Test worker] o.h.e.t.j.p.i.JtaPlatformInitiator       : HHH000489: No JTA platform available (set 'hibernate.transaction.jta.platform' to enable JTA platform integration)
2025-11-20T09:16:04.008-05:00  INFO 39013 --- [metadata-versioning] [    Test worker] j.LocalContainerEntityManagerFactoryBean : Initialized JPA EntityManagerFactory for persistence unit 'default'
2025-11-20T09:16:04.645-05:00  INFO 39013 --- [metadata-versioning] [    Test worker] o.s.d.j.r.query.QueryEnhancerFactory     : Hibernate is in classpath; If applicable, HQL parser will be used.
2025-11-20T09:16:05.914-05:00  INFO 39013 --- [metadata-versioning] [    Test worker] c.s.m.MetadataVersioningApplicationTests : Started MetadataVersioningApplicationTests in 4.069 seconds (process running for 4.82)
]]></system-out>
  <system-err><![CDATA[WARNING: A Java agent has been loaded dynamically (/Users/juandavidcadavid/.gradle/caches/modules-2/files-2.1/net.bytebuddy/byte-buddy-agent/1.14.19/154da3a65b4f4a909d3e5bdec55d1b2b4cbb6ce1/byte-buddy-agent-1.14.19.jar)
WARNING: If a serviceability tool is in use, please run with -XX:+EnableDynamicAgentLoading to hide this warning
WARNING: If a serviceability tool is not in use, please run with -Djdk.instrument.traceUsage for more information
WARNING: Dynamic loading of agents will be disallowed by default in a future release
]]></system-err>
</testsuite>
