<?xml version="1.0" encoding="UTF-8"?>
<testsuite name="Get Metadata By Type Tests" tests="2" skipped="0" failures="0" errors="0" timestamp="2025-11-20T14:16:06" hostname="MacBook-Pro.local" time="0.017">
  <properties/>
  <testcase name="Should get metadata by type successfully" classname="com.starbucks.metadata.controller.MetadataControllerTest$GetMetadataByTypeTests" time="0.01"/>
  <testcase name="Should get active only metadata by type" classname="com.starbucks.metadata.controller.MetadataControllerTest$GetMetadataByTypeTests" time="0.006"/>
  <system-out><![CDATA[2025-11-20T09:16:06.915-05:00  INFO 39013 --- [metadata-versioning] [    Test worker] t.c.s.AnnotationConfigContextLoaderUtils : Could not detect default configuration classes for test class [com.starbucks.metadata.controller.MetadataControllerTest$GetMetadataByTypeTests]: GetMetadataByTypeTests does not declare any static, non-private, non-final, nested classes annotated with @Configuration.
2025-11-20T09:16:06.923-05:00  INFO 39013 --- [metadata-versioning] [    Test worker] .b.t.c.SpringBootTestContextBootstrapper : Found @SpringBootConfiguration com.starbucks.metadata.MetadataVersioningApplication for test class com.starbucks.metadata.controller.MetadataControllerTest$GetMetadataByTypeTests
2025-11-20T09:16:06.931-05:00  INFO 39013 --- [metadata-versioning] [    Test worker] c.s.m.controller.MetadataController      : Getting metadata by type: configuration, activeOnly: null
2025-11-20T09:16:06.939-05:00  INFO 39013 --- [metadata-versioning] [    Test worker] c.s.m.controller.MetadataController      : Getting metadata by type: configuration, activeOnly: true
]]></system-out>
  <system-err><![CDATA[]]></system-err>
</testsuite>
