<?xml version="1.0" encoding="UTF-8"?>
<testsuite name="List Metadata With Filters Tests" tests="3" skipped="0" failures="0" errors="0" timestamp="2025-11-20T14:16:06" hostname="MacBook-Pro.local" time="0.057">
  <properties/>
  <testcase name="Should list metadata with partial name filter" classname="com.starbucks.metadata.controller.MetadataControllerTest$ListMetadataWithFiltersTests" time="0.029"/>
  <testcase name="Should list metadata without filters" classname="com.starbucks.metadata.controller.MetadataControllerTest$ListMetadataWithFiltersTests" time="0.017"/>
  <testcase name="Should list metadata with all filters" classname="com.starbucks.metadata.controller.MetadataControllerTest$ListMetadataWithFiltersTests" time="0.006"/>
  <system-out><![CDATA[2025-11-20T09:16:06.839-05:00  INFO 39013 --- [metadata-versioning] [    Test worker] t.c.s.AnnotationConfigContextLoaderUtils : Could not detect default configuration classes for test class [com.starbucks.metadata.controller.MetadataControllerTest$ListMetadataWithFiltersTests]: ListMetadataWithFiltersTests does not declare any static, non-private, non-final, nested classes annotated with @Configuration.
2025-11-20T09:16:06.850-05:00  INFO 39013 --- [metadata-versioning] [    Test worker] .b.t.c.SpringBootTestContextBootstrapper : Found @SpringBootConfiguration com.starbucks.metadata.MetadataVersioningApplication for test class com.starbucks.metadata.controller.MetadataControllerTest$ListMetadataWithFiltersTests
2025-11-20T09:16:06.869-05:00  INFO 39013 --- [metadata-versioning] [    Test worker] c.s.m.controller.MetadataController      : Listing metadata with filters - type: null, name: app, activeOnly: null
2025-11-20T09:16:06.872-05:00  WARN 39013 --- [metadata-versioning] [    Test worker] ration$PageModule$WarningLoggingModifier : Serializing PageImpl instances as-is is not supported, meaning that there is no guarantee about the stability of the resulting JSON structure!
	For a stable JSON structure, please use Spring Data's PagedModel (globally via @EnableSpringDataWebSupport(pageSerializationMode = VIA_DTO))
	or Spring HATEOAS and Spring Data's PagedResourcesAssembler as documented in https://docs.spring.io/spring-data/commons/reference/repositories/core-extensions.html#core.web.pageables.

2025-11-20T09:16:06.893-05:00  INFO 39013 --- [metadata-versioning] [    Test worker] c.s.m.controller.MetadataController      : Listing metadata with filters - type: null, name: null, activeOnly: null
2025-11-20T09:16:06.909-05:00  INFO 39013 --- [metadata-versioning] [    Test worker] c.s.m.controller.MetadataController      : Listing metadata with filters - type: configuration, name: app-settings, activeOnly: true
]]></system-out>
  <system-err><![CDATA[]]></system-err>
</testsuite>
