<?xml version="1.0" encoding="UTF-8"?>
<testsuite name="List Versions Tests" tests="2" skipped="0" failures="0" errors="0" timestamp="2025-11-20T14:16:06" hostname="MacBook-Pro.local" time="0.015">
  <properties/>
  <testcase name="Should list versions successfully" classname="com.starbucks.metadata.controller.MetadataControllerTest$ListVersionsTests" time="0.009"/>
  <testcase name="Should return 404 when no metadata found" classname="com.starbucks.metadata.controller.MetadataControllerTest$ListVersionsTests" time="0.004"/>
  <system-out><![CDATA[2025-11-20T09:16:06.976-05:00  INFO 39013 --- [metadata-versioning] [    Test worker] t.c.s.AnnotationConfigContextLoaderUtils : Could not detect default configuration classes for test class [com.starbucks.metadata.controller.MetadataControllerTest$ListVersionsTests]: ListVersionsTests does not declare any static, non-private, non-final, nested classes annotated with @Configuration.
2025-11-20T09:16:06.981-05:00  INFO 39013 --- [metadata-versioning] [    Test worker] .b.t.c.SpringBootTestContextBootstrapper : Found @SpringBootConfiguration com.starbucks.metadata.MetadataVersioningApplication for test class com.starbucks.metadata.controller.MetadataControllerTest$ListVersionsTests
2025-11-20T09:16:06.986-05:00  INFO 39013 --- [metadata-versioning] [    Test worker] c.s.m.controller.MetadataController      : Listing versions for type: configuration and name: app-settings
2025-11-20T09:16:06.996-05:00  INFO 39013 --- [metadata-versioning] [    Test worker] c.s.m.controller.MetadataController      : Listing versions for type: configuration and name: app-settings
2025-11-20T09:16:06.996-05:00 ERROR 39013 --- [metadata-versioning] [    Test worker] c.s.m.exception.GlobalExceptionHandler   : Metadata not found: No metadata found
]]></system-out>
  <system-err><![CDATA[]]></system-err>
</testsuite>
